vfactor.obj : error LNK2001: 无法解析的外部符号 "class testing::TestInfo * __cdecl testing::internal::MakeAndRegisterTestInfo(char const *,char const *,char const *,char const *,struct testing::internal::CodeLocation,void const *,void (__cdecl*)(void),void (__cdecl*)(void),class testing::internal::TestFactoryBase *)" (?MakeAndRegisterTestInfo@internal@testing@@YAPAVTestInfo@2@PBD000UCodeLocation@12@PBXP6AXXZ3PAVTestFactoryBase@12@@Z)
vfactor.obj : error LNK2001: 无法解析的外部符号 "void const * __cdecl testing::internal::GetTestTypeId(void)" (?GetTestTypeId@internal@testing@@YAPBXXZ)
vfactor.obj : error LNK2001: 无法解析的外部符号 "bool __cdecl testing::internal::IsTrue(bool)" (?IsTrue@internal@testing@@YA_N_N@Z)
vfactor.obj : error LNK2001: 无法解析的外部符号 "public: __thiscall testing::internal::GTestLog::~GTestLog(void)" (??1GTestLog@internal@testing@@QAE@XZ)
vfactor.obj : error LNK2001: 无法解析的外部符号 "public: __thiscall testing::internal::GTestLog::GTestLog(enum testing::internal::GTestLogSeverity,char const *,int)" (??0GTestLog@internal@testing@@QAE@W4GTestLogSeverity@12@PBDH@Z)
vfactor.obj : error LNK2001: 无法解析的外部符号 "protected: virtual void __thiscall testing::Test::TearDown(void)" (?TearDown@Test@testing@@MAEXXZ)
vfactor.obj : error LNK2001: 无法解析的外部符号 "protected: virtual void __thiscall testing::Test::SetUp(void)" (?SetUp@Test@testing@@MAEXXZ)
vfactor.obj : error LNK2001: 无法解析的外部符号 "protected: __thiscall testing::Test::Test(void)" (??0Test@testing@@IAE@XZ)
vfactor.obj : error LNK2001: 无法解析的外部符号 "public: virtual __thiscall testing::Test::~Test(void)" (??1Test@testing@@UAE@XZ)
main.obj : error LNK2001: 无法解析的外部符号 "void __cdecl testing::InitGoogleTest(int *,char * *)" (?InitGoogleTest@testing@@YAXPAHPAPAD@Z)
main.obj : error LNK2001: 无法解析的外部符号 "public: int __thiscall testing::UnitTest::Run(void)" (?Run@UnitTest@testing@@QAEHXZ)
main.obj : error LNK2001: 无法解析的外部符号 "public: static class testing::UnitTest * __cdecl testing::UnitTest::GetInstance(void)" (?GetInstance@UnitTest@testing@@SAPAV12@XZ)
topk.obj : error LNK2001: 无法解析的外部符号 "public: void __thiscall testing::internal::AssertHelper::operator=(class testing::Message const &)const " (??4AssertHelper@internal@testing@@QBEXABVMessage@2@@Z)
topk.obj : error LNK2001: 无法解析的外部符号 "public: __thiscall testing::internal::AssertHelper::~AssertHelper(void)" (??1AssertHelper@internal@testing@@QAE@XZ)
topk.obj : error LNK2001: 无法解析的外部符号 "public: __thiscall testing::internal::AssertHelper::AssertHelper(enum testing::TestPartResult::Type,char const *,int,char const *)" (??0AssertHelper@internal@testing@@QAE@W4Type@TestPartResult@2@PBDH1@Z)
topk.obj : error LNK2001: 无法解析的外部符号 "class testing::AssertionResult __cdecl testing::internal::EqFailure(char const *,char const *,class std::basic_string<char,struct std::char_traits<char>,class std::allocator<char> > const &,class std::basic_string<char,struct std::char_traits<char>,class std::allocator<char> > const &,bool)" (?EqFailure@internal@testing@@YA?AVAssertionResult@2@PBD0ABV?$basic_string@DU?$char_traits@D@std@@V?$allocator@D@2@@std@@1_N@Z)
topk.obj : error LNK2001: 无法解析的外部符号 "class testing::AssertionResult __cdecl testing::AssertionSuccess(void)" (?AssertionSuccess@testing@@YA?AVAssertionResult@1@XZ)
topk.obj : error LNK2001: 无法解析的外部符号 "public: __thiscall testing::Message::Message(void)" (??0Message@testing@@QAE@XZ)
D:\game_source\source\my-git\cpp-examples\Release\examples.exe : fatal error LNK1120: 18 个无法解析的外部命令
